Setting stack size to unlimited...
core file size          (blocks, -c) 0
data seg size           (kbytes, -d) unlimited
scheduling priority             (-e) 0
file size               (blocks, -f) unlimited
pending signals                 (-i) 2060405
max locked memory       (kbytes, -l) unlimited
max memory size         (kbytes, -m) 20971520
open files                      (-n) 65535
pipe size            (512 bytes, -p) 8
POSIX message queues     (bytes, -q) 819200
real-time priority              (-r) 0
stack size              (kbytes, -s) unlimited
cpu time               (seconds, -t) unlimited
max user processes              (-u) 4096
virtual memory          (kbytes, -v) unlimited
file locks                      (-x) unlimited
Running Job...!
===============================================================================
Running compiled binary...
resolution (n) = 256, number of frames (f) = 1
blocks (b) = 1, threads (t) = 64
Part1&2
Time taken: 
Kernels: 2.429439 sec | Performance: 6.905800 mln_cubes/sec 
Memcpy:  0.489127 sec 
Extra:   3.419632 sec 
Total:   6.338198 sec
GPU memory usage: used = 6482.000000, free = 26019.125000 MB, total = 32501.125000 MB
