Setting stack size to unlimited...
core file size          (blocks, -c) 0
data seg size           (kbytes, -d) unlimited
scheduling priority             (-e) 0
file size               (blocks, -f) unlimited
pending signals                 (-i) 2060603
max locked memory       (kbytes, -l) unlimited
max memory size         (kbytes, -m) 20971520
open files                      (-n) 65535
pipe size            (512 bytes, -p) 8
POSIX message queues     (bytes, -q) 819200
real-time priority              (-r) 0
stack size              (kbytes, -s) unlimited
cpu time               (seconds, -t) unlimited
max user processes              (-u) 4096
virtual memory          (kbytes, -v) unlimited
file locks                      (-x) unlimited
Running Job...!
===============================================================================
Running compiled binary...
resolution (n) = 50, number of frames (f) = 50
blocks (b) = 40, threads (t) = 64
CPU
Time taken: 12.321887 | Performance: 0.507228 mln_cubes/sec 

Part1&2
Time taken: 
Kernels: 0.021881 sec | Performance: 285.635653 mln_cubes/sec 
Memcpy:  0.186622 sec 
Extra:   5.274882 sec 
Total:   5.483385 sec
GPU memory usage: used = 2614.000000, free = 29887.125000 MB, total = 32501.125000 MB

Part3
Time taken: 
Kernels: 0.000020 sec | Performance: 318845.015815 mln_cubes/sec 
Memcpy:  0.000000 sec 
Extra:   1.349468 sec 
Total:   1.349488 sec
GPU memory usage: used = 2614.000000, free = 29887.125000 MB, total = 32501.125000 MB

Part4
Time taken: 
Total: 1.327886 sec
GPU memory usage: used = 2614.000000, free = 29887.125000 MB, total = 32501.125000 MB
