Setting stack size to unlimited...
core file size          (blocks, -c) 0
data seg size           (kbytes, -d) unlimited
scheduling priority             (-e) 0
file size               (blocks, -f) unlimited
pending signals                 (-i) 2061309
max locked memory       (kbytes, -l) unlimited
max memory size         (kbytes, -m) 20971520
open files                      (-n) 65535
pipe size            (512 bytes, -p) 8
POSIX message queues     (bytes, -q) 819200
real-time priority              (-r) 0
stack size              (kbytes, -s) unlimited
cpu time               (seconds, -t) unlimited
max user processes              (-u) 4096
virtual memory          (kbytes, -v) unlimited
file locks                      (-x) unlimited
Running Job...!
===============================================================================
Running compiled binary...
resolution (n) = 32, number of frames (f) = 64
blocks (b) = 1, threads (t) = 1
Part4
Time taken: 
Total: 10.164158 sec
GPU memory usage: used = 1111.750000, free = 31389.375000 MB, total = 32501.125000 MB
resolution (n) = 32, number of frames (f) = 64
blocks (b) = 1, threads (t) = 4
Part4
Time taken: 
Total: 4.586808 sec
GPU memory usage: used = 1111.750000, free = 31389.375000 MB, total = 32501.125000 MB
resolution (n) = 32, number of frames (f) = 64
blocks (b) = 1, threads (t) = 16
Part4
Time taken: 
Total: 2.396109 sec
GPU memory usage: used = 1111.750000, free = 31389.375000 MB, total = 32501.125000 MB
resolution (n) = 32, number of frames (f) = 64
blocks (b) = 1, threads (t) = 32
Part4
Time taken: 
Total: 1.806424 sec
GPU memory usage: used = 1111.750000, free = 31389.375000 MB, total = 32501.125000 MB
resolution (n) = 32, number of frames (f) = 64
blocks (b) = 1, threads (t) = 64
Part4
Time taken: 
Total: 0.308512 sec
GPU memory usage: used = 1111.750000, free = 31389.375000 MB, total = 32501.125000 MB
resolution (n) = 32, number of frames (f) = 64
blocks (b) = 1, threads (t) = 128
Part4
Time taken: 
Total: 0.307505 sec
GPU memory usage: used = 1111.750000, free = 31389.375000 MB, total = 32501.125000 MB
resolution (n) = 32, number of frames (f) = 64
blocks (b) = 1, threads (t) = 256
Part4
Time taken: 
Total: 0.317915 sec
GPU memory usage: used = 1111.750000, free = 31389.375000 MB, total = 32501.125000 MB
resolution (n) = 32, number of frames (f) = 64
blocks (b) = 1, threads (t) = 512
Part4
Time taken: 
Total: 0.351737 sec
GPU memory usage: used = 1111.750000, free = 31389.375000 MB, total = 32501.125000 MB
resolution (n) = 32, number of frames (f) = 64
blocks (b) = 1, threads (t) = 1024
Part4
Time taken: 
Total: 0.072344 sec
GPU memory usage: used = 1111.750000, free = 31389.375000 MB, total = 32501.125000 MB
