Setting stack size to unlimited...
core file size          (blocks, -c) 0
data seg size           (kbytes, -d) unlimited
scheduling priority             (-e) 0
file size               (blocks, -f) unlimited
pending signals                 (-i) 2061309
max locked memory       (kbytes, -l) unlimited
max memory size         (kbytes, -m) 20971520
open files                      (-n) 65535
pipe size            (512 bytes, -p) 8
POSIX message queues     (bytes, -q) 819200
real-time priority              (-r) 0
stack size              (kbytes, -s) unlimited
cpu time               (seconds, -t) unlimited
max user processes              (-u) 4096
virtual memory          (kbytes, -v) unlimited
file locks                      (-x) unlimited
Running Job...!
===============================================================================
Running compiled binary...
resolution (n) = 128, number of frames (f) = 1
blocks (b) = 1, threads (t) = 1
Part4
Time taken: 
Total: 8.136598 sec
GPU memory usage: used = 2623.750000, free = 29877.375000 MB, total = 32501.125000 MB
resolution (n) = 128, number of frames (f) = 1
blocks (b) = 1, threads (t) = 4
Part4
Time taken: 
Total: 2.504090 sec
GPU memory usage: used = 2623.750000, free = 29877.375000 MB, total = 32501.125000 MB
resolution (n) = 128, number of frames (f) = 1
blocks (b) = 1, threads (t) = 16
Part4
Time taken: 
Total: 1.016717 sec
GPU memory usage: used = 2623.750000, free = 29877.375000 MB, total = 32501.125000 MB
resolution (n) = 128, number of frames (f) = 1
blocks (b) = 1, threads (t) = 32
Part4
Time taken: 
Total: 0.789567 sec
GPU memory usage: used = 2623.750000, free = 29877.375000 MB, total = 32501.125000 MB
resolution (n) = 128, number of frames (f) = 1
blocks (b) = 1, threads (t) = 64
Part4
Time taken: 
Total: 0.522793 sec
GPU memory usage: used = 2623.750000, free = 29877.375000 MB, total = 32501.125000 MB
resolution (n) = 128, number of frames (f) = 1
blocks (b) = 1, threads (t) = 128
Part4
Time taken: 
Total: 0.437275 sec
GPU memory usage: used = 2623.750000, free = 29877.375000 MB, total = 32501.125000 MB
resolution (n) = 128, number of frames (f) = 1
blocks (b) = 1, threads (t) = 256
Part4
Time taken: 
Total: 0.132618 sec
GPU memory usage: used = 2623.750000, free = 29877.375000 MB, total = 32501.125000 MB
resolution (n) = 128, number of frames (f) = 1
blocks (b) = 1, threads (t) = 512
Part4
Time taken: 
Total: 0.140985 sec
GPU memory usage: used = 2623.750000, free = 29877.375000 MB, total = 32501.125000 MB
resolution (n) = 128, number of frames (f) = 1
blocks (b) = 1, threads (t) = 1024
Part4
Time taken: 
Total: 0.077735 sec
GPU memory usage: used = 2623.750000, free = 29877.375000 MB, total = 32501.125000 MB
