Setting stack size to unlimited...
core file size          (blocks, -c) 0
data seg size           (kbytes, -d) unlimited
scheduling priority             (-e) 0
file size               (blocks, -f) unlimited
pending signals                 (-i) 2061309
max locked memory       (kbytes, -l) unlimited
max memory size         (kbytes, -m) 20971520
open files                      (-n) 65535
pipe size            (512 bytes, -p) 8
POSIX message queues     (bytes, -q) 819200
real-time priority              (-r) 0
stack size              (kbytes, -s) unlimited
cpu time               (seconds, -t) unlimited
max user processes              (-u) 4096
virtual memory          (kbytes, -v) unlimited
file locks                      (-x) unlimited
Running Job...!
===============================================================================
Running compiled binary...
resolution (n) = 128, number of frames (f) = 1
blocks (b) = 1, threads (t) = 320
Part3
Time taken: 
Kernels: 0.010960 sec | Performance: 191.342825 mln_cubes/sec 
Memcpy:  0.159349 sec 
Extra:   0.000000 sec 
Total:   0.170309 sec
GPU memory usage: used = 1087.750000, free = 31413.375000 MB, total = 32501.125000 MB
resolution (n) = 128, number of frames (f) = 1
blocks (b) = 10, threads (t) = 320
Part3
Time taken: 
Kernels: 1.465529 sec | Performance: 1.430986 mln_cubes/sec 
Memcpy:  0.158881 sec 
Extra:   0.000000 sec 
Total:   1.624410 sec
GPU memory usage: used = 1087.750000, free = 31413.375000 MB, total = 32501.125000 MB
resolution (n) = 128, number of frames (f) = 1
blocks (b) = 20, threads (t) = 320
Part3
Time taken: 
Kernels: 2.005615 sec | Performance: 1.045640 mln_cubes/sec 
Memcpy:  0.159304 sec 
Extra:   0.000000 sec 
Total:   2.164919 sec
GPU memory usage: used = 1087.750000, free = 31413.375000 MB, total = 32501.125000 MB
resolution (n) = 128, number of frames (f) = 1
blocks (b) = 40, threads (t) = 320
Part3
Time taken: 
Kernels: 3.610498 sec | Performance: 0.580848 mln_cubes/sec 
Memcpy:  0.158942 sec 
Extra:   0.000000 sec 
Total:   3.769440 sec
GPU memory usage: used = 1087.750000, free = 31413.375000 MB, total = 32501.125000 MB
resolution (n) = 128, number of frames (f) = 1
blocks (b) = 80, threads (t) = 320
Part3
Time taken: 
Kernels: 5.996697 sec | Performance: 0.349718 mln_cubes/sec 
Memcpy:  0.159220 sec 
Extra:   0.000000 sec 
Total:   6.155917 sec
GPU memory usage: used = 1087.750000, free = 31413.375000 MB, total = 32501.125000 MB
resolution (n) = 128, number of frames (f) = 1
blocks (b) = 160, threads (t) = 320
Part3
Time taken: 
Kernels: 10.766050 sec | Performance: 0.194793 mln_cubes/sec 
Memcpy:  0.159021 sec 
Extra:   0.000000 sec 
Total:   10.925071 sec
GPU memory usage: used = 1087.750000, free = 31413.375000 MB, total = 32501.125000 MB
