Setting stack size to unlimited...
core file size          (blocks, -c) 0
data seg size           (kbytes, -d) unlimited
scheduling priority             (-e) 0
file size               (blocks, -f) unlimited
pending signals                 (-i) 2061311
max locked memory       (kbytes, -l) unlimited
max memory size         (kbytes, -m) 20971520
open files                      (-n) 65535
pipe size            (512 bytes, -p) 8
POSIX message queues     (bytes, -q) 819200
real-time priority              (-r) 0
stack size              (kbytes, -s) unlimited
cpu time               (seconds, -t) unlimited
max user processes              (-u) 4096
virtual memory          (kbytes, -v) unlimited
file locks                      (-x) unlimited
Running Job...!
===============================================================================
Running compiled binary...
resolution (n) = 32, number of frames (f) = 64
blocks (b) = 1, threads (t) = 1
Part1&2
Time taken: 
Kernels: 10.114125 sec | Performance: 0.207349 mln_cubes/sec 
Memcpy:  0.062844 sec 
Extra:   0.000005 sec 
Total:   10.176974 sec
GPU memory usage: used = 1083.750000, free = 31417.375000 MB, total = 32501.125000 MB
totalNumVertices: 524288
totalVerticesAllFrames: 33554432
resolution (n) = 32, number of frames (f) = 64
blocks (b) = 1, threads (t) = 4
Part1&2
Time taken: 
Kernels: 4.501419 sec | Performance: 0.465887 mln_cubes/sec 
Memcpy:  0.062810 sec 
Extra:   0.000004 sec 
Total:   4.564233 sec
GPU memory usage: used = 1083.750000, free = 31417.375000 MB, total = 32501.125000 MB
totalNumVertices: 524288
totalVerticesAllFrames: 33554432
resolution (n) = 32, number of frames (f) = 64
blocks (b) = 1, threads (t) = 16
Part1&2
Time taken: 
Kernels: 2.336636 sec | Performance: 0.897509 mln_cubes/sec 
Memcpy:  0.062682 sec 
Extra:   0.000006 sec 
Total:   2.399325 sec
GPU memory usage: used = 1083.750000, free = 31417.375000 MB, total = 32501.125000 MB
totalNumVertices: 524288
totalVerticesAllFrames: 33554432
resolution (n) = 32, number of frames (f) = 64
blocks (b) = 1, threads (t) = 32
Part1&2
Time taken: 
Kernels: 1.744112 sec | Performance: 1.202418 mln_cubes/sec 
Memcpy:  0.062612 sec 
Extra:   0.000006 sec 
Total:   1.806730 sec
GPU memory usage: used = 1083.750000, free = 31417.375000 MB, total = 32501.125000 MB
totalNumVertices: 524288
totalVerticesAllFrames: 33554432
resolution (n) = 32, number of frames (f) = 64
blocks (b) = 1, threads (t) = 64
Part1&2
Time taken: 
Kernels: 0.244544 sec | Performance: 8.575764 mln_cubes/sec 
Memcpy:  0.062626 sec 
Extra:   0.000003 sec 
Total:   0.307173 sec
GPU memory usage: used = 1083.750000, free = 31417.375000 MB, total = 32501.125000 MB
totalNumVertices: 524288
totalVerticesAllFrames: 33554432
resolution (n) = 32, number of frames (f) = 64
blocks (b) = 1, threads (t) = 128
Part1&2
Time taken: 
Kernels: 0.243956 sec | Performance: 8.596439 mln_cubes/sec 
Memcpy:  0.062616 sec 
Extra:   0.000004 sec 
Total:   0.306576 sec
GPU memory usage: used = 1083.750000, free = 31417.375000 MB, total = 32501.125000 MB
totalNumVertices: 524288
totalVerticesAllFrames: 33554432
resolution (n) = 32, number of frames (f) = 64
blocks (b) = 1, threads (t) = 256
Part1&2
Time taken: 
Kernels: 0.257963 sec | Performance: 8.129677 mln_cubes/sec 
Memcpy:  0.062579 sec 
Extra:   0.000003 sec 
Total:   0.320545 sec
GPU memory usage: used = 1083.750000, free = 31417.375000 MB, total = 32501.125000 MB
totalNumVertices: 524288
totalVerticesAllFrames: 33554432
resolution (n) = 32, number of frames (f) = 64
blocks (b) = 1, threads (t) = 512
Part1&2
Time taken: 
Kernels: 0.291446 sec | Performance: 7.195675 mln_cubes/sec 
Memcpy:  0.062593 sec 
Extra:   0.000004 sec 
Total:   0.354043 sec
GPU memory usage: used = 1083.750000, free = 31417.375000 MB, total = 32501.125000 MB
totalNumVertices: 524288
totalVerticesAllFrames: 33554432
resolution (n) = 32, number of frames (f) = 64
blocks (b) = 1, threads (t) = 1024
Part1&2
Time taken: 
Kernels: 0.011122 sec | Performance: 188.562097 mln_cubes/sec 
Memcpy:  0.062607 sec 
Extra:   0.000004 sec 
Total:   0.073733 sec
GPU memory usage: used = 1083.750000, free = 31417.375000 MB, total = 32501.125000 MB
totalNumVertices: 524288
totalVerticesAllFrames: 33554432
