Setting stack size to unlimited...
core file size          (blocks, -c) 0
data seg size           (kbytes, -d) unlimited
scheduling priority             (-e) 0
file size               (blocks, -f) unlimited
pending signals                 (-i) 2060405
max locked memory       (kbytes, -l) unlimited
max memory size         (kbytes, -m) 20971520
open files                      (-n) 65535
pipe size            (512 bytes, -p) 8
POSIX message queues     (bytes, -q) 819200
real-time priority              (-r) 0
stack size              (kbytes, -s) unlimited
cpu time               (seconds, -t) unlimited
max user processes              (-u) 4096
virtual memory          (kbytes, -v) unlimited
file locks                      (-x) unlimited
Running Job...!
===============================================================================
Running compiled binary...
resolution (n) = 128, number of frames (f) = 1
blocks (b) = 1, threads (t) = 320
Part4
Time taken: 
Total: 0.166419 sec
GPU memory usage: used = 2624.000000, free = 29877.125000 MB, total = 32501.125000 MB
resolution (n) = 128, number of frames (f) = 1
blocks (b) = 10, threads (t) = 320
Part4
Time taken: 
Total: 0.863692 sec
GPU memory usage: used = 2624.000000, free = 29877.125000 MB, total = 32501.125000 MB
resolution (n) = 128, number of frames (f) = 1
blocks (b) = 20, threads (t) = 320
Part4
Time taken: 
Total: 1.117829 sec
GPU memory usage: used = 2624.000000, free = 29877.125000 MB, total = 32501.125000 MB
resolution (n) = 128, number of frames (f) = 1
blocks (b) = 40, threads (t) = 320
Part4
Time taken: 
Total: 1.662955 sec
GPU memory usage: used = 2624.000000, free = 29877.125000 MB, total = 32501.125000 MB
resolution (n) = 128, number of frames (f) = 1
blocks (b) = 80, threads (t) = 320
Part4
Time taken: 
Total: 2.733266 sec
GPU memory usage: used = 2624.000000, free = 29877.125000 MB, total = 32501.125000 MB
resolution (n) = 128, number of frames (f) = 1
blocks (b) = 160, threads (t) = 320
Part4
Time taken: 
Total: 4.822452 sec
GPU memory usage: used = 2624.000000, free = 29877.125000 MB, total = 32501.125000 MB
